<?xml version="1.0" encoding="UTF-8"?>
<!-- Generated by org.testng.reporters.JUnitXMLReporter -->
<testsuite ignored="0" hostname="user-PC" failures="0" tests="3" name="Test" time="15.144" errors="0" timestamp="2023-12-03T17:36:14 IST">
  <testcase classname="com.restapiexa.Deserialize" name="DeserializeJsonResponse" time="10.054"/>
  <testcase classname="com.restapiexa.ValidateBasicAuth_Premptive" name="BasicAuth_pre" time="1.332"/>
  <testcase classname="com.restapiexa.ValidateQueryParam" name="validateQueery" time="3.489"/>
</testsuite> <!-- Test -->
