<?xml version="1.0" encoding="UTF-8"?>
<testsuite xmlns:xsi="http://www.w3.org/2001/XMLSchema-instance" xsi:noNamespaceSchemaLocation="https://maven.apache.org/surefire/maven-surefire-plugin/xsd/surefire-test-report.xsd" name="TestSuite" time="18.949" tests="3" errors="0" skipped="0" failures="0">
  <properties>
[...]
</properties>
  <testcase name="DeserializeJsonResponse" classname="com.restapiexa.Deserialize" time="11.289"/>
  <testcase name="BasicAuth_pre" classname="com.restapiexa.ValidateBasicAuth_Premptive" time="1.314"/>
  <testcase name="validateQueery" classname="com.restapiexa.ValidateQueryParam" time="3.484"/>
</testsuite>